<?xml version="1.0" encoding="UTF-8"?>
<!-- Generated by org.testng.reporters.JUnitReportReporter -->
<testsuite hostname="LAPTOP-ES9UA65O" failures="0" tests="2" name="com.telran.tests.bookstore.LoginTests" time="16.126" errors="0" timestamp="2022-11-01T10:31:20 CET" skipped="0">
  <testcase classname="com.telran.tests.bookstore.LoginTests" name="LoginPositiveTest" time="7.774"/>
  <system-out/>
  <testcase classname="com.telran.tests.bookstore.LoginTests" name="LoginPositiveParametersTest" time="8.352"/>
  <system-out/>
</testsuite> <!-- com.telran.tests.bookstore.LoginTests -->
