<?xml version="1.0" encoding="UTF-8"?>
<!-- Generated by org.testng.reporters.JUnitReportReporter -->
<testsuite hostname="LAPTOP-ES9UA65O" failures="0" tests="3" name="com.telran.tests.forms.PracticeFormTests" time="43.467" errors="0" timestamp="2022-11-01T14:20:42 CET" skipped="0">
  <testcase classname="com.telran.tests.forms.PracticeFormTests" name="createNewStudentTest" time="13.480"/>
  <system-out/>
  <testcase classname="com.telran.tests.forms.PracticeFormTests" name="createNewStudentTestWithDataProviderTest" time="16.757"/>
  <system-out/>
  <testcase classname="com.telran.tests.forms.PracticeFormTests" name="createNewStudentTestWithDataProviderTest" time="13.230"/>
  <system-out/>
</testsuite> <!-- com.telran.tests.forms.PracticeFormTests -->
