<?xml version="1.0" encoding="UTF-8"?>
<!-- Generated by org.testng.reporters.JUnitReportReporter -->
<testsuite hostname="LAPTOP-ES9UA65O" failures="0" tests="3" name="com.telran.tests.elements.TextBoxTests" time="23.844" errors="0" timestamp="2022-11-01T14:20:42 CET" skipped="0">
  <testcase classname="com.telran.tests.elements.TextBoxTests" name="textBoxTestWithDataProviderTest" time="6.625"/>
  <system-out/>
  <testcase classname="com.telran.tests.elements.TextBoxTests" name="textBoxTestWithDataProviderTest" time="9.339"/>
  <system-out/>
  <testcase classname="com.telran.tests.elements.TextBoxTests" name="textBoxTestWithDataProviderTest" time="7.880"/>
  <system-out/>
</testsuite> <!-- com.telran.tests.elements.TextBoxTests -->
